{"/root/projet/app/back/index.js": {"path":"/root/projet/app/back/index.js","statementMap":{"0":{"start":{"line":1,"column":16},"end":{"line":1,"column":34}},"1":{"start":{"line":2,"column":19},"end":{"line":2,"column":41}},"2":{"start":{"line":3,"column":13},"end":{"line":3,"column":28}},"3":{"start":{"line":4,"column":23},"end":{"line":4,"column":38}},"4":{"start":{"line":5,"column":19},"end":{"line":5,"column":32}},"5":{"start":{"line":7,"column":12},"end":{"line":7,"column":21}},"6":{"start":{"line":8,"column":0},"end":{"line":8,"column":16}},"7":{"start":{"line":9,"column":0},"end":{"line":9,"column":27}},"8":{"start":{"line":11,"column":19},"end":{"line":11,"column":46}},"9":{"start":{"line":12,"column":13},"end":{"line":12,"column":17}},"10":{"start":{"line":13,"column":17},"end":{"line":13,"column":19}},"11":{"start":{"line":16,"column":2},"end":{"line":16,"column":26}},"12":{"start":{"line":16,"column":19},"end":{"line":16,"column":26}},"13":{"start":{"line":17,"column":2},"end":{"line":23,"column":5}},"14":{"start":{"line":24,"column":2},"end":{"line":24,"column":25}},"15":{"start":{"line":25,"column":2},"end":{"line":25,"column":93}},"16":{"start":{"line":27,"column":0},"end":{"line":27,"column":64}},"17":{"start":{"line":27,"column":24},"end":{"line":27,"column":60}},"18":{"start":{"line":29,"column":0},"end":{"line":29,"column":50}},"19":{"start":{"line":29,"column":34},"end":{"line":29,"column":48}},"20":{"start":{"line":31,"column":0},"end":{"line":38,"column":3}},"21":{"start":{"line":32,"column":2},"end":{"line":37,"column":3}},"22":{"start":{"line":33,"column":14},"end":{"line":33,"column":73}},"23":{"start":{"line":34,"column":4},"end":{"line":34,"column":28}},"24":{"start":{"line":36,"column":4},"end":{"line":36,"column":30}},"25":{"start":{"line":40,"column":0},"end":{"line":49,"column":3}},"26":{"start":{"line":41,"column":13},"end":{"line":41,"column":21}},"27":{"start":{"line":42,"column":15},"end":{"line":42,"column":34}},"28":{"start":{"line":43,"column":2},"end":{"line":47,"column":3}},"29":{"start":{"line":44,"column":4},"end":{"line":44,"column":79}},"30":{"start":{"line":46,"column":4},"end":{"line":46,"column":29}},"31":{"start":{"line":48,"column":2},"end":{"line":48,"column":34}},"32":{"start":{"line":51,"column":0},"end":{"line":61,"column":3}},"33":{"start":{"line":52,"column":13},"end":{"line":52,"column":26}},"34":{"start":{"line":53,"column":2},"end":{"line":60,"column":3}},"35":{"start":{"line":54,"column":4},"end":{"line":54,"column":62}},"36":{"start":{"line":55,"column":4},"end":{"line":55,"column":34}},"37":{"start":{"line":57,"column":14},"end":{"line":57,"column":50}},"38":{"start":{"line":57,"column":38},"end":{"line":57,"column":49}},"39":{"start":{"line":58,"column":4},"end":{"line":58,"column":37}},"40":{"start":{"line":58,"column":16},"end":{"line":58,"column":37}},"41":{"start":{"line":59,"column":4},"end":{"line":59,"column":34}},"42":{"start":{"line":64,"column":0},"end":{"line":64,"column":21}},"43":{"start":{"line":67,"column":0},"end":{"line":70,"column":1}},"44":{"start":{"line":68,"column":15},"end":{"line":68,"column":39}},"45":{"start":{"line":69,"column":2},"end":{"line":69,"column":67}},"46":{"start":{"line":69,"column":25},"end":{"line":69,"column":65}}},"fnMap":{"0":{"name":"initDB","decl":{"start":{"line":15,"column":15},"end":{"line":15,"column":21}},"loc":{"start":{"line":15,"column":24},"end":{"line":26,"column":1}},"line":15},"1":{"name":"(anonymous_1)","decl":{"start":{"line":27,"column":15},"end":{"line":27,"column":16}},"loc":{"start":{"line":27,"column":22},"end":{"line":27,"column":62}},"line":27},"2":{"name":"(anonymous_2)","decl":{"start":{"line":29,"column":20},"end":{"line":29,"column":21}},"loc":{"start":{"line":29,"column":34},"end":{"line":29,"column":48}},"line":29},"3":{"name":"(anonymous_3)","decl":{"start":{"line":31,"column":18},"end":{"line":31,"column":19}},"loc":{"start":{"line":31,"column":38},"end":{"line":38,"column":1}},"line":31},"4":{"name":"(anonymous_4)","decl":{"start":{"line":40,"column":19},"end":{"line":40,"column":20}},"loc":{"start":{"line":40,"column":39},"end":{"line":49,"column":1}},"line":40},"5":{"name":"(anonymous_5)","decl":{"start":{"line":51,"column":25},"end":{"line":51,"column":26}},"loc":{"start":{"line":51,"column":45},"end":{"line":61,"column":1}},"line":51},"6":{"name":"(anonymous_6)","decl":{"start":{"line":57,"column":33},"end":{"line":57,"column":34}},"loc":{"start":{"line":57,"column":38},"end":{"line":57,"column":49}},"line":57},"7":{"name":"(anonymous_7)","decl":{"start":{"line":69,"column":19},"end":{"line":69,"column":20}},"loc":{"start":{"line":69,"column":25},"end":{"line":69,"column":65}},"line":69}},"branchMap":{"0":{"loc":{"start":{"line":16,"column":2},"end":{"line":16,"column":26}},"type":"if","locations":[{"start":{"line":16,"column":2},"end":{"line":16,"column":26}},{"start":{},"end":{}}],"line":16},"1":{"loc":{"start":{"line":19,"column":14},"end":{"line":19,"column":48}},"type":"binary-expr","locations":[{"start":{"line":19,"column":14},"end":{"line":19,"column":37}},{"start":{"line":19,"column":41},"end":{"line":19,"column":48}}],"line":19},"2":{"loc":{"start":{"line":20,"column":10},"end":{"line":20,"column":49}},"type":"binary-expr","locations":[{"start":{"line":20,"column":10},"end":{"line":20,"column":35}},{"start":{"line":20,"column":39},"end":{"line":20,"column":49}}],"line":20},"3":{"loc":{"start":{"line":21,"column":14},"end":{"line":21,"column":49}},"type":"binary-expr","locations":[{"start":{"line":21,"column":14},"end":{"line":21,"column":43}},{"start":{"line":21,"column":47},"end":{"line":21,"column":49}}],"line":21},"4":{"loc":{"start":{"line":22,"column":10},"end":{"line":22,"column":80}},"type":"cond-expr","locations":[{"start":{"line":22,"column":38},"end":{"line":22,"column":73}},{"start":{"line":22,"column":76},"end":{"line":22,"column":80}}],"line":22},"5":{"loc":{"start":{"line":32,"column":2},"end":{"line":37,"column":3}},"type":"if","locations":[{"start":{"line":32,"column":2},"end":{"line":37,"column":3}},{"start":{"line":35,"column":9},"end":{"line":37,"column":3}}],"line":32},"6":{"loc":{"start":{"line":42,"column":15},"end":{"line":42,"column":34}},"type":"binary-expr","locations":[{"start":{"line":42,"column":15},"end":{"line":42,"column":28}},{"start":{"line":42,"column":32},"end":{"line":42,"column":34}}],"line":42},"7":{"loc":{"start":{"line":43,"column":2},"end":{"line":47,"column":3}},"type":"if","locations":[{"start":{"line":43,"column":2},"end":{"line":47,"column":3}},{"start":{"line":45,"column":9},"end":{"line":47,"column":3}}],"line":43},"8":{"loc":{"start":{"line":53,"column":2},"end":{"line":60,"column":3}},"type":"if","locations":[{"start":{"line":53,"column":2},"end":{"line":60,"column":3}},{"start":{"line":56,"column":9},"end":{"line":60,"column":3}}],"line":53},"9":{"loc":{"start":{"line":58,"column":4},"end":{"line":58,"column":37}},"type":"if","locations":[{"start":{"line":58,"column":4},"end":{"line":58,"column":37}},{"start":{},"end":{}}],"line":58},"10":{"loc":{"start":{"line":67,"column":0},"end":{"line":70,"column":1}},"type":"if","locations":[{"start":{"line":67,"column":0},"end":{"line":70,"column":1}},{"start":{},"end":{}}],"line":67},"11":{"loc":{"start":{"line":68,"column":15},"end":{"line":68,"column":39}},"type":"binary-expr","locations":[{"start":{"line":68,"column":15},"end":{"line":68,"column":31}},{"start":{"line":68,"column":35},"end":{"line":68,"column":39}}],"line":68}},"s":{"0":1,"1":1,"2":1,"3":1,"4":1,"5":1,"6":1,"7":1,"8":1,"9":1,"10":1,"11":1,"12":1,"13":0,"14":0,"15":0,"16":1,"17":0,"18":1,"19":1,"20":1,"21":0,"22":0,"23":0,"24":0,"25":1,"26":0,"27":0,"28":0,"29":0,"30":0,"31":0,"32":1,"33":0,"34":0,"35":0,"36":0,"37":0,"38":0,"39":0,"40":0,"41":0,"42":1,"43":1,"44":0,"45":0,"46":0},"f":{"0":1,"1":0,"2":1,"3":0,"4":0,"5":0,"6":0,"7":0},"b":{"0":[1,0],"1":[0,0],"2":[0,0],"3":[0,0],"4":[0,0],"5":[0,0],"6":[0,0],"7":[0,0],"8":[0,0],"9":[0,0],"10":[0,1],"11":[0,0]},"_coverageSchema":"1a1c01bbd47fc00a2c39e90264f33305004495a9","hash":"cc8ac8206407d5a49528d5a8c78b8f2e5e1c181e"}
}
